<?xml version="1.0" encoding="utf-8"?><testsuites name="pytest tests"><testsuite name="pytest" errors="0" failures="0" skipped="0" tests="82" time="39.523" timestamp="2026-09-15T13:08:30.304767+02:00" hostname="xr_thinkcentre"><testcase classname="tests.test_alias_training" name="test_alias_is_learned_automatically_and_available_after_activation" time="1.272" /><testcase classname="tests.test_alias_training" name="test_soft_aliases_do_not_enter_automatic_training" time="0.002" /><testcase classname="tests.test_alias_training" name="test_alias_removal_requires_current_generation_and_retraining" time="0.797" /><testcase classname="tests.test_alias_training" name="test_insufficient_alias_learning_does_not_activate_artifact" time="0.458" /><testcase classname="tests.test_contract" name="test_empty_or_missing_adapter_is_never_valid" time="0.007" /><testcase classname="tests.test_contract" name="test_revocation_persists_after_restart" time="0.037" /><testcase classname="tests.test_contract" name="test_derived_knowledge_cannot_outlive_parent_generation" time="0.052" /><testcase classname="tests.test_data" name="test_question_families_are_disjoint" time="0.001" /><testcase classname="tests.test_dragonfly" name="test_learned_z_changes_scores_and_survives_reload" time="0.314" /><testcase classname="tests.test_dragonfly" name="test_revocation_is_selective_and_blocks_pending_commit[source]" time="0.326" /><testcase classname="tests.test_dragonfly" name="test_revocation_is_selective_and_blocks_pending_commit[generation]" time="0.338" /><testcase classname="tests.test_dragonfly" name="test_revocation_is_selective_and_blocks_pending_commit[representation]" time="0.289" /><testcase classname="tests.test_dragonfly" name="test_revocation_is_selective_and_blocks_pending_commit[training_origin]" time="0.357" /><testcase classname="tests.test_dragonfly" name="test_update_needs_new_representation_and_never_reuses_old_z" time="0.393" /><testcase classname="tests.test_dragonfly" name="test_learned_score_does_not_bypass_hard_gates[Alpha delivery time for X99?-buyer]" time="0.294" /><testcase classname="tests.test_dragonfly" name="test_learned_score_does_not_bypass_hard_gates[How long has Alpha existed?-buyer]" time="0.452" /><testcase classname="tests.test_dragonfly" name="test_learned_score_does_not_bypass_hard_gates[Alpha delivery time for X12?-outsider]" time="0.292" /><testcase classname="tests.test_dragonfly" name="test_representation_tampering_and_encoder_mismatch_rejected" time="0.294" /><testcase classname="tests.test_dragonfly" name="test_expiry_blocks_loaded_representation_and_inflight_answer" time="0.285" /><testcase classname="tests.test_dragonfly" name="test_derived_training_evidence_remains_in_lineage" time="0.425" /><testcase classname="tests.test_registry" name="test_closure_all_artifact_types_and_unrelated_survives" time="0.034" /><testcase classname="tests.test_registry" name="test_multiple_roots_deduplicate_and_revoke_only_closure" time="0.028" /><testcase classname="tests.test_registry" name="test_update_rejects_snapshot_cache_mixed_generations_and_restore" time="0.035" /><testcase classname="tests.test_registry" name="test_no_resurrection_no_missing_parents_no_neural_state_without_knowledge" time="0.025" /><testcase classname="tests.test_registry" name="test_acl_applies_through_all_ancestors" time="0.026" /><testcase classname="tests.test_registry" name="test_origin_key_stable_and_unambiguous" time="0.021" /><testcase classname="tests.test_registry" name="test_cross_connection_revoke_during_inference" time="0.063" /><testcase classname="tests.test_registry" name="test_artifact_tampering" time="0.010" /><testcase classname="tests.test_routing" name="test_index_metadata_cannot_override_canonical_payload" time="0.071" /><testcase classname="tests.test_routing" name="test_stale_index_result_rejected_after_origin_revoke" time="0.055" /><testcase classname="tests.test_scoring" name="test_exact_match_does_not_accept_wrong_or_ambiguous_numbers" time="0.002" /><testcase classname="tests.test_scoring" name="test_numeric_accuracy_is_separate_from_output_format" time="0.001" /><testcase classname="tests.test_semantic_routing" name="test_invalid_alias_cannot_resolve_or_conflict_with_reassignment[superseded]" time="0.104" /><testcase classname="tests.test_semantic_routing" name="test_invalid_alias_cannot_resolve_or_conflict_with_reassignment[revoked]" time="0.104" /><testcase classname="tests.test_semantic_routing" name="test_invalid_alias_cannot_resolve_or_conflict_with_reassignment[expired]" time="0.087" /><testcase classname="tests.test_semantic_routing" name="test_invalid_alias_cannot_resolve_or_conflict_with_reassignment[private]" time="0.085" /><testcase classname="tests.test_semantic_routing" name="test_bad_questions_do_not_reach_materialization[What is the delivery lead time for X99 from Mueller GmbH?]" time="0.077" /><testcase classname="tests.test_semantic_routing" name="test_bad_questions_do_not_reach_materialization[Mueller delivery lead time for X12 and X99?]" time="0.077" /><testcase classname="tests.test_semantic_routing" name="test_bad_questions_do_not_reach_materialization[How long has Mueller GmbH existed?]" time="0.083" /><testcase classname="tests.test_semantic_routing" name="test_filters_apply_before_ann_and_registry_is_authority" time="0.106" /><testcase classname="tests.test_semantic_routing" name="test_acl_generation_time_and_soft_tags_do_not_escape_filters" time="0.355" /><testcase classname="tests.test_semantic_routing" name="test_multiple_components_require_disambiguation" time="0.164" /><testcase classname="tests.test_semantic_routing" name="test_role_prevents_rule_from_becoming_a_fact" time="0.094" /><testcase classname="tests.test_semantic_routing" name="test_relation_walk_pins_all_visited_generations" time="0.039" /><testcase classname="tests.test_semantic_routing" name="test_learned_scorer_reload_and_private_training_lineage" time="0.263" /><testcase classname="tests.test_semantics" name="test_unresolved_query_constraints_are_rejected[What is the delivery lead time for X99 from Mueller GmbH?]" time="0.028" /><testcase classname="tests.test_semantics" name="test_unresolved_query_constraints_are_rejected[Mueller delivery lead time for X12 and X99?]" time="0.026" /><testcase classname="tests.test_semantics" name="test_unresolved_query_constraints_are_rejected[Mueller delivery lead time for unknown-widget?]" time="0.024" /><testcase classname="tests.test_semantics" name="test_unresolved_query_constraints_are_rejected[How long has Mueller GmbH existed?]" time="0.026" /><testcase classname="tests.test_semantics" name="test_unresolved_query_constraints_are_rejected[How long are Mueller GmbH payment terms for X12?]" time="0.027" /><testcase classname="tests.test_semantics" name="test_unresolved_query_constraints_are_rejected[Wie lange existiert Mueller GmbH?]" time="0.031" /><testcase classname="tests.test_semantics" name="test_distinct_structured_identities_do_not_supersede[left0-right0]" time="0.037" /><testcase classname="tests.test_semantics" name="test_distinct_structured_identities_do_not_supersede[left1-right1]" time="0.039" /><testcase classname="tests.test_semantics" name="test_distinct_structured_identities_do_not_supersede[left2-right2]" time="0.047" /><testcase classname="tests.test_semantics" name="test_legacy_registry_rejects_mixed_identity_writes" time="0.043" /><testcase classname="tests.test_semantics" name="test_aliases_share_one_identity_and_one_lifecycle" time="0.033" /><testcase classname="tests.test_semantics" name="test_unrelated_company_question_does_not_activate_lead_time" time="0.038" /><testcase classname="tests.test_semantics" name="test_soft_annotation_cannot_override_authority[acl]" time="0.032" /><testcase classname="tests.test_semantics" name="test_soft_annotation_cannot_override_authority[owner]" time="0.039" /><testcase classname="tests.test_semantics" name="test_soft_annotation_cannot_override_authority[generation]" time="0.063" /><testcase classname="tests.test_semantics" name="test_soft_annotation_cannot_override_authority[subject_id]" time="0.042" /><testcase classname="tests.test_semantics" name="test_soft_annotation_cannot_override_authority[valid_until]" time="0.029" /><testcase classname="tests.test_semantics" name="test_soft_annotation_cannot_override_authority[source]" time="0.033" /><testcase classname="tests.test_semantics" name="test_soft_alias_advisory_not_canonical_identity" time="0.036" /><testcase classname="tests.test_semantics" name="test_expiry_during_inference_and_valid_from_boundary" time="0.052" /><testcase classname="tests.test_semantics" name="test_invalid_time_rejected_before_writes[2026-09-15T12:00:00-None]" time="0.028" /><testcase classname="tests.test_semantics" name="test_invalid_time_rejected_before_writes[2026-09-15T12:00:00+00:00-2026-09-15T11:00:00+00:00]" time="0.033" /><testcase classname="tests.test_semantics" name="test_explicit_semantic_roles_preserved[FACT]" time="0.028" /><testcase classname="tests.test_semantics" name="test_explicit_semantic_roles_preserved[RULE]" time="0.031" /><testcase classname="tests.test_semantics" name="test_explicit_semantic_roles_preserved[EVENT]" time="0.033" /><testcase classname="tests.test_semantics" name="test_explicit_semantic_roles_preserved[PROCEDURE]" time="0.036" /><testcase classname="tests.test_semantics" name="test_explicit_semantic_roles_preserved[PREFERENCE]" time="0.032" /><testcase classname="tests.test_semantics" name="test_explicit_semantic_roles_preserved[CONSTRAINT]" time="0.039" /><testcase classname="tests.test_semantics" name="test_explicit_semantic_roles_preserved[DEFINITION]" time="0.039" /><testcase classname="tests.test_semantics" name="test_explicit_semantic_roles_preserved[RELATION]" time="0.050" /><testcase classname="tests.test_semantics" name="test_explicit_semantic_roles_preserved[TIME_SERIES]" time="0.047" /><testcase classname="tests.test_semantics" name="test_explicit_semantic_roles_preserved[DOCUMENT]" time="0.034" /><testcase classname="tests.test_semantics" name="test_explicit_semantic_roles_preserved[PERSON]" time="0.045" /><testcase classname="tests.test_semantics" name="test_explicit_semantic_roles_preserved[ORGANIZATION]" time="0.034" /><testcase classname="tests.test_semantics" name="test_explicit_semantic_roles_preserved[PRODUCT]" time="0.041" /><testcase classname="tests.test_semantics" name="test_explicit_semantic_roles_preserved[LOCATION]" time="0.054" /><testcase classname="tests.test_semantics" name="test_longer_company_name_does_not_match_shorter_alias" time="0.048" /></testsuite></testsuites>